c:\users\mohammed\desktop\sfml group\sfml template\release\vc142.pdb
c:\users\mohammed\desktop\sfml group\sfml template\release\statemachine.obj
c:\users\mohammed\desktop\sfml group\sfml template\release\splashstate.obj
c:\users\mohammed\desktop\sfml group\sfml template\release\main.obj
c:\users\mohammed\desktop\sfml group\sfml template\release\inputmanager.obj
c:\users\mohammed\desktop\sfml group\sfml template\release\game.obj
c:\users\mohammed\desktop\sfml group\sfml template\release\definitions.obj
c:\users\mohammed\desktop\sfml group\sfml template\release\assetmanager.obj
c:\users\mohammed\desktop\sfml group\sfml template\release\mainmenustate.obj
c:\users\mohammed\desktop\sfml group\sfml template\release\sfml template.exe
c:\users\mohammed\desktop\sfml group\sfml template\release\sfml template.pdb
c:\users\mohammed\desktop\sfml group\sfml template\release\sfml template.ipdb
c:\users\mohammed\desktop\sfml group\sfml template\release\sfml template.iobj
c:\users\mohammed\desktop\sfml group\sfml template\release\sfml template.tlog\cl.command.1.tlog
c:\users\mohammed\desktop\sfml group\sfml template\release\sfml template.tlog\cl.read.1.tlog
c:\users\mohammed\desktop\sfml group\sfml template\release\sfml template.tlog\cl.write.1.tlog
c:\users\mohammed\desktop\sfml group\sfml template\release\sfml template.tlog\link.command.1.tlog
c:\users\mohammed\desktop\sfml group\sfml template\release\sfml template.tlog\link.read.1.tlog
c:\users\mohammed\desktop\sfml group\sfml template\release\sfml template.tlog\link.write.1.tlog
c:\users\mohammed\desktop\sfml group\sfml template\release\sfml template.tlog\sfml template.write.1u.tlog
