c:\users\mohammed\desktop\sfml group\sfml template\debug\vc142.pdb
c:\users\mohammed\desktop\sfml group\sfml template\debug\vc142.idb
c:\users\mohammed\desktop\sfml group\sfml template\debug\statemachine.obj
c:\users\mohammed\desktop\sfml group\sfml template\debug\splashstate.obj
c:\users\mohammed\desktop\sfml group\sfml template\debug\main.obj
c:\users\mohammed\desktop\sfml group\sfml template\debug\inputmanager.obj
c:\users\mohammed\desktop\sfml group\sfml template\debug\game.obj
c:\users\mohammed\desktop\sfml group\sfml template\debug\assetmanager.obj
c:\users\mohammed\desktop\sfml group 1\sfml template\debug\vc142.pdb
c:\users\mohammed\desktop\sfml group 1\sfml template\debug\vc142.idb
c:\users\mohammed\desktop\sfml group 1\sfml template\debug\statemachine.obj
c:\users\mohammed\desktop\sfml group 1\sfml template\debug\splashstate.obj
c:\users\mohammed\desktop\sfml group 1\sfml template\debug\pipe.obj
c:\users\mohammed\desktop\sfml group 1\sfml template\debug\mainmenustate.obj
c:\users\mohammed\desktop\sfml group 1\sfml template\debug\main.obj
c:\users\mohammed\desktop\sfml group 1\sfml template\debug\inputmanager.obj
c:\users\mohammed\desktop\sfml group 1\sfml template\debug\gamestate.obj
c:\users\mohammed\desktop\sfml group 1\sfml template\debug\gameoverstate.obj
c:\users\mohammed\desktop\sfml group 1\sfml template\debug\game.obj
c:\users\mohammed\desktop\sfml group 1\sfml template\debug\assetmanager.obj
c:\users\mohammed\desktop\sfml group 1\sfml template\debug\land.obj
c:\users\mohammed\desktop\sfml group 1\sfml template\debug\hud.obj
c:\users\mohammed\desktop\sfml group 1\sfml template\debug\flash.obj
c:\users\mohammed\desktop\sfml group 1\sfml template\debug\collision.obj
c:\users\mohammed\desktop\sfml group 1\sfml template\debug\bird.obj
c:\users\mohammed\desktop\sfml group\sfml template\debug\sfml template.ilk
c:\users\mohammed\desktop\sfml group\sfml template\debug\sfml template.exe
c:\users\mohammed\desktop\sfml group\sfml template\debug\sfml template.pdb
c:\users\mohammed\desktop\sfml group 1\sfml template\debug\sfml template.exe
c:\users\mohammed\desktop\sfml group 1\sfml template\debug\sfml template.ilk
c:\users\mohammed\desktop\sfml group 1\sfml template\debug\sfml template.pdb
c:\users\mohammed\desktop\sfml group 1\sfml template\debug\definitions.obj
c:\users\mohammed\desktop\sfml group 1\sfml template\debug\sfml template.tlog\cl.command.1.tlog
c:\users\mohammed\desktop\sfml group 1\sfml template\debug\sfml template.tlog\cl.read.1.tlog
c:\users\mohammed\desktop\sfml group 1\sfml template\debug\sfml template.tlog\cl.write.1.tlog
c:\users\mohammed\desktop\sfml group 1\sfml template\debug\sfml template.tlog\link.command.1.tlog
c:\users\mohammed\desktop\sfml group 1\sfml template\debug\sfml template.tlog\link.read.1.tlog
c:\users\mohammed\desktop\sfml group 1\sfml template\debug\sfml template.tlog\link.write.1.tlog
